<?xml version="1.0" encoding="UTF-8"?>
<!-- Generated by org.testng.reporters.JUnitXMLReporter -->
<testsuite ignored="0" hostname="Diwakar" failures="0" tests="6" name="Default test" time="2.211" errors="0" timestamp="2025-07-04T14:16:40 AEST">
  <testcase classname="saucedemotestfiles.SauceLabTest" name="@BeforeTest setParameters" time="-1.751602598538E9">
    <failure type="org.testng.TestNGException" message="
Parameter &amp;apos;testDataPath&amp;apos; is required by BeforeTest on method setParameters but has not been marked @Optional or defined
in C:\Users\diwak\AppData\Local\Temp\testng-eclipse--733816742\testng-customsuite.xml">
      <![CDATA[org.testng.TestNGException: 
Parameter 'testDataPath' is required by BeforeTest on method setParameters but has not been marked @Optional or defined
in C:\Users\diwak\AppData\Local\Temp\testng-eclipse--733816742\testng-customsuite.xml
at org.testng.internal.Parameters.createParams(Parameters.java:267)
at org.testng.internal.Parameters.createParametersForMethod(Parameters.java:355)
at org.testng.internal.Parameters.createParameters(Parameters.java:693)
at org.testng.internal.Parameters.createConfigurationParameters(Parameters.java:166)
at org.testng.internal.invokers.ConfigInvoker.invokeConfigurations(ConfigInvoker.java:306)
at org.testng.TestRunner.invokeTestConfigurations(TestRunner.java:661)
at org.testng.TestRunner.beforeRun(TestRunner.java:650)
at org.testng.TestRunner.run(TestRunner.java:612)
at org.testng.SuiteRunner.runTest(SuiteRunner.java:443)
at org.testng.SuiteRunner.runSequentially(SuiteRunner.java:437)
at org.testng.SuiteRunner.privateRun(SuiteRunner.java:397)
at org.testng.SuiteRunner.run(SuiteRunner.java:336)
at org.testng.SuiteRunnerWorker.runSuite(SuiteRunnerWorker.java:52)
at org.testng.SuiteRunnerWorker.run(SuiteRunnerWorker.java:95)
at org.testng.TestNG.runSuitesSequentially(TestNG.java:1301)
at org.testng.TestNG.runSuitesLocally(TestNG.java:1228)
at org.testng.TestNG.runSuites(TestNG.java:1134)
at org.testng.TestNG.run(TestNG.java:1101)
at org.testng.remote.AbstractRemoteTestNG.run(AbstractRemoteTestNG.java:115)
at org.testng.remote.RemoteTestNG.initAndRun(RemoteTestNG.java:293)
at org.testng.remote.RemoteTestNG.main(RemoteTestNG.java:91)
]]>
    </failure>
  </testcase> <!-- @BeforeTest setParameters -->
  <testcase classname="saucedemotestfiles.SauceLabTest" name="validUserData" time="0.0">
    <skipped/>
  </testcase> <!-- validUserData -->
  <testcase classname="saucedemotestfiles.SauceLabTest" name="addProductsToCart" time="0.0">
    <skipped/>
  </testcase> <!-- addProductsToCart -->
  <testcase classname="saucedemotestfiles.SauceLabTest" name="verifyCartItems" time="0.0">
    <skipped/>
  </testcase> <!-- verifyCartItems -->
  <testcase classname="saucedemotestfiles.SauceLabTest" name="vfyErrorMessage" time="0.0">
    <skipped/>
  </testcase> <!-- vfyErrorMessage -->
  <testcase classname="saucedemotestfiles.SauceLabTest" name="vfyTotalAmt" time="0.0">
    <skipped/>
  </testcase> <!-- vfyTotalAmt -->
  <testcase classname="saucedemotestfiles.SauceLabTest" name="vfyOrderPlaceMsg" time="0.0">
    <skipped/>
  </testcase> <!-- vfyOrderPlaceMsg -->
</testsuite> <!-- Default test -->
